<?xml version="1.0" encoding="UTF-8"?>
<testsuite name="be.heh.testarchitecturehexa.adaptater.AdapaterWebTest" tests="1" skipped="0" failures="0" errors="0" timestamp="2022-10-17T07:14:36" hostname="LAPTOP-E4D00DUC" time="1.694">
  <properties/>
  <testcase name="testStudentController()" classname="be.heh.testarchitecturehexa.adaptater.AdapaterWebTest" time="1.694"/>
  <system-out><![CDATA[09:14:30.942 [Test worker] DEBUG org.springframework.test.context.BootstrapUtils - Instantiating CacheAwareContextLoaderDelegate from class [org.springframework.test.context.cache.DefaultCacheAwareContextLoaderDelegate]
09:14:30.977 [Test worker] DEBUG org.springframework.test.context.BootstrapUtils - Instantiating BootstrapContext using constructor [public org.springframework.test.context.support.DefaultBootstrapContext(java.lang.Class,org.springframework.test.context.CacheAwareContextLoaderDelegate)]
09:14:31.075 [Test worker] DEBUG org.springframework.test.context.BootstrapUtils - Instantiating TestContextBootstrapper for test class [be.heh.testarchitecturehexa.adaptater.AdapaterWebTest] from class [org.springframework.boot.test.autoconfigure.web.servlet.WebMvcTestContextBootstrapper]
09:14:31.112 [Test worker] INFO org.springframework.boot.test.autoconfigure.web.servlet.WebMvcTestContextBootstrapper - Neither @ContextConfiguration nor @ContextHierarchy found for test class [be.heh.testarchitecturehexa.adaptater.AdapaterWebTest], using SpringBootContextLoader
09:14:31.123 [Test worker] DEBUG org.springframework.test.context.support.AbstractContextLoader - Did not detect default resource location for test class [be.heh.testarchitecturehexa.adaptater.AdapaterWebTest]: class path resource [be/heh/testarchitecturehexa/adaptater/AdapaterWebTest-context.xml] does not exist
09:14:31.125 [Test worker] DEBUG org.springframework.test.context.support.AbstractContextLoader - Did not detect default resource location for test class [be.heh.testarchitecturehexa.adaptater.AdapaterWebTest]: class path resource [be/heh/testarchitecturehexa/adaptater/AdapaterWebTestContext.groovy] does not exist
09:14:31.126 [Test worker] INFO org.springframework.test.context.support.AbstractContextLoader - Could not detect default resource locations for test class [be.heh.testarchitecturehexa.adaptater.AdapaterWebTest]: no resource found for suffixes {-context.xml, Context.groovy}.
09:14:31.128 [Test worker] INFO org.springframework.test.context.support.AnnotationConfigContextLoaderUtils - Could not detect default configuration classes for test class [be.heh.testarchitecturehexa.adaptater.AdapaterWebTest]: AdapaterWebTest does not declare any static, non-private, non-final, nested classes annotated with @Configuration.
09:14:31.322 [Test worker] DEBUG org.springframework.test.context.support.ActiveProfilesUtils - Could not find an 'annotation declaring class' for annotation type [org.springframework.test.context.ActiveProfiles] and class [be.heh.testarchitecturehexa.adaptater.AdapaterWebTest]
09:14:31.514 [Test worker] DEBUG org.springframework.context.annotation.ClassPathScanningCandidateComponentProvider - Identified candidate component class: file [C:\Users\arthu\Desktop\cours Trica\architectureHexagonale-master(1)\architectureHexagonale-master\build\classes\java\main\be\heh\testarchitecturehexa\TestArchitectureHexaApplication.class]
09:14:31.517 [Test worker] INFO org.springframework.boot.test.context.SpringBootTestContextBootstrapper - Found @SpringBootConfiguration be.heh.testarchitecturehexa.TestArchitectureHexaApplication for test class be.heh.testarchitecturehexa.adaptater.AdapaterWebTest
09:14:31.526 [Test worker] DEBUG org.springframework.boot.test.autoconfigure.web.servlet.WebMvcTestContextBootstrapper - @TestExecutionListeners is not present for class [be.heh.testarchitecturehexa.adaptater.AdapaterWebTest]: using defaults.
09:14:31.527 [Test worker] INFO org.springframework.boot.test.autoconfigure.web.servlet.WebMvcTestContextBootstrapper - Loaded default TestExecutionListener class names from location [META-INF/spring.factories]: [org.springframework.boot.test.autoconfigure.restdocs.RestDocsTestExecutionListener, org.springframework.boot.test.autoconfigure.web.client.MockRestServiceServerResetTestExecutionListener, org.springframework.boot.test.autoconfigure.web.servlet.MockMvcPrintOnlyOnFailureTestExecutionListener, org.springframework.boot.test.autoconfigure.web.servlet.WebDriverTestExecutionListener, org.springframework.boot.test.autoconfigure.webservices.client.MockWebServiceServerTestExecutionListener, org.springframework.boot.test.mock.mockito.MockitoTestExecutionListener, org.springframework.boot.test.mock.mockito.ResetMocksTestExecutionListener, org.springframework.test.context.web.ServletTestExecutionListener, org.springframework.test.context.support.DirtiesContextBeforeModesTestExecutionListener, org.springframework.test.context.event.ApplicationEventsTestExecutionListener, org.springframework.test.context.support.DependencyInjectionTestExecutionListener, org.springframework.test.context.support.DirtiesContextTestExecutionListener, org.springframework.test.context.transaction.TransactionalTestExecutionListener, org.springframework.test.context.jdbc.SqlScriptsTestExecutionListener, org.springframework.test.context.event.EventPublishingTestExecutionListener]
09:14:31.586 [Test worker] INFO org.springframework.boot.test.autoconfigure.web.servlet.WebMvcTestContextBootstrapper - Using TestExecutionListeners: [org.springframework.test.context.web.ServletTestExecutionListener@fbd1ec18, org.springframework.test.context.support.DirtiesContextBeforeModesTestExecutionListener@155dc517, org.springframework.test.context.event.ApplicationEventsTestExecutionListener@2e3e9142, org.springframework.boot.test.mock.mockito.MockitoTestExecutionListener@1a264f09, org.springframework.boot.test.autoconfigure.SpringBootDependencyInjectionTestExecutionListener@9bd036f9, org.springframework.test.context.support.DirtiesContextTestExecutionListener@12d7bd1d, org.springframework.test.context.transaction.TransactionalTestExecutionListener@bde73d93, org.springframework.test.context.jdbc.SqlScriptsTestExecutionListener@e0eccaca, org.springframework.test.context.event.EventPublishingTestExecutionListener@af358e65, org.springframework.boot.test.autoconfigure.restdocs.RestDocsTestExecutionListener@e0f3c5cd, org.springframework.boot.test.autoconfigure.web.client.MockRestServiceServerResetTestExecutionListener@645aeb3c, org.springframework.boot.test.autoconfigure.web.servlet.MockMvcPrintOnlyOnFailureTestExecutionListener@1011d8d7, org.springframework.boot.test.autoconfigure.web.servlet.WebDriverTestExecutionListener@d9bdeff8, org.springframework.boot.test.autoconfigure.webservices.client.MockWebServiceServerTestExecutionListener@5d6ab856, org.springframework.boot.test.mock.mockito.ResetMocksTestExecutionListener@24e90e58]
09:14:31.598 [Test worker] DEBUG org.springframework.test.context.support.AbstractDirtiesContextTestExecutionListener - Before test class: context [DefaultTestContext@2389b4eb testClass = AdapaterWebTest, testInstance = [null], testMethod = [null], testException = [null], mergedContextConfiguration = [WebMergedContextConfiguration@d2903a17 testClass = AdapaterWebTest, locations = '{}', classes = '{class be.heh.testarchitecturehexa.TestArchitectureHexaApplication}', contextInitializerClasses = '[]', activeProfiles = '{}', propertySourceLocations = '{}', propertySourceProperties = '{org.springframework.boot.test.autoconfigure.web.servlet.WebMvcTestContextBootstrapper=true}', contextCustomizers = set[org.springframework.boot.test.autoconfigure.OverrideAutoConfigurationContextCustomizerFactory$DisableAutoConfigurationContextCustomizer@98711474, org.springframework.boot.test.autoconfigure.actuate.metrics.MetricsExportContextCustomizerFactory$DisableMetricExportContextCustomizer@f513659c, org.springframework.boot.test.autoconfigure.filter.TypeExcludeFiltersContextCustomizer@b792a5, org.springframework.boot.test.autoconfigure.properties.PropertyMappingContextCustomizer@67fc956d, org.springframework.boot.test.autoconfigure.web.servlet.WebDriverContextCustomizerFactory$Customizer@8c637ef4, [ImportsContextCustomizer@2e92656f key = [org.springframework.boot.autoconfigure.cache.CacheAutoConfiguration, org.springframework.boot.autoconfigure.context.MessageSourceAutoConfiguration, org.springframework.boot.autoconfigure.data.web.SpringDataWebAutoConfiguration, org.springframework.boot.autoconfigure.freemarker.FreeMarkerAutoConfiguration, org.springframework.boot.autoconfigure.groovy.template.GroovyTemplateAutoConfiguration, org.springframework.boot.autoconfigure.gson.GsonAutoConfiguration, org.springframework.boot.autoconfigure.hateoas.HypermediaAutoConfiguration, org.springframework.boot.autoconfigure.http.HttpMessageConvertersAutoConfiguration, org.springframework.boot.autoconfigure.jackson.JacksonAutoConfiguration, org.springframework.boot.autoconfigure.jsonb.JsonbAutoConfiguration, org.springframework.boot.autoconfigure.mustache.MustacheAutoConfiguration, org.springframework.boot.autoconfigure.task.TaskExecutionAutoConfiguration, org.springframework.boot.autoconfigure.thymeleaf.ThymeleafAutoConfiguration, org.springframework.boot.autoconfigure.validation.ValidationAutoConfiguration, org.springframework.boot.autoconfigure.web.servlet.error.ErrorMvcAutoConfiguration, org.springframework.boot.autoconfigure.web.servlet.HttpEncodingAutoConfiguration, org.springframework.boot.autoconfigure.web.servlet.WebMvcAutoConfiguration, org.springframework.boot.test.autoconfigure.web.servlet.MockMvcAutoConfiguration, org.springframework.boot.test.autoconfigure.web.servlet.MockMvcWebClientAutoConfiguration, org.springframework.boot.test.autoconfigure.web.servlet.MockMvcWebDriverAutoConfiguration, org.springframework.boot.autoconfigure.security.oauth2.client.servlet.OAuth2ClientAutoConfiguration, org.springframework.boot.autoconfigure.security.oauth2.resource.servlet.OAuth2ResourceServerAutoConfiguration, org.springframework.boot.autoconfigure.security.servlet.SecurityAutoConfiguration, org.springframework.boot.autoconfigure.security.servlet.SecurityFilterAutoConfiguration, org.springframework.boot.autoconfigure.security.servlet.UserDetailsServiceAutoConfiguration, org.springframework.boot.test.autoconfigure.web.servlet.MockMvcSecurityConfiguration, org.springframework.boot.test.autoconfigure.web.reactive.WebTestClientAutoConfiguration]], org.springframework.boot.test.context.filter.ExcludeFilterContextCustomizer@5c14cf8b, org.springframework.boot.test.json.DuplicateJsonObjectContextCustomizerFactory$DuplicateJsonObjectContextCustomizer@3c6bbf16, org.springframework.boot.test.mock.mockito.MockitoContextCustomizer@3cb51ba0, org.springframework.boot.test.context.SpringBootTestArgs@1, org.springframework.boot.test.context.SpringBootTestWebEnvironment@0], resourceBasePath = 'src/main/webapp', contextLoader = 'org.springframework.boot.test.context.SpringBootContextLoader', parent = [null]], attributes = map[[empty]]], class annotated with @DirtiesContext [false] with mode [null].

  .   ____          _            __ _ _
 /\\ / ___'_ __ _ _(_)_ __  __ _ \ \ \ \
( ( )\___ | '_ | '_| | '_ \/ _` | \ \ \ \
 \\/  ___)| |_)| | | | | || (_| |  ) ) ) )
  '  |____| .__|_| |_|_| |_\__, | / / / /
 =========|_|==============|___/=/_/_/_/
 :: Spring Boot ::                (v2.7.4)

2022-10-17 09:14:32.707  INFO 15076 --- [    Test worker] b.h.t.adaptater.AdapaterWebTest          : Starting AdapaterWebTest using Java 16.0.2 on LAPTOP-E4D00DUC with PID 15076 (started by arthu in C:\Users\arthu\Desktop\cours Trica\architectureHexagonale-master(1)\architectureHexagonale-master)
2022-10-17 09:14:32.707  INFO 15076 --- [    Test worker] b.h.t.adaptater.AdapaterWebTest          : The following 1 profile is active: "dev"
2022-10-17 09:14:36.191  INFO 15076 --- [    Test worker] o.s.b.t.m.w.SpringBootMockServletContext : Initializing Spring TestDispatcherServlet ''
2022-10-17 09:14:36.191  INFO 15076 --- [    Test worker] o.s.t.web.servlet.TestDispatcherServlet  : Initializing Servlet ''
2022-10-17 09:14:36.206  INFO 15076 --- [    Test worker] o.s.t.web.servlet.TestDispatcherServlet  : Completed initialization in 15 ms
2022-10-17 09:14:36.285  INFO 15076 --- [    Test worker] b.h.t.adaptater.AdapaterWebTest          : Started AdapaterWebTest in 4.545 seconds (JVM running for 7.448)
]]></system-out>
  <system-err><![CDATA[]]></system-err>
</testsuite>
